<strong>Syntax Error in template "findInclude:modules/CatalogueBrowser/templates/page/navigation/navbar.tpl"  on line 103 "&lt;a href=&quot;search&quot; title=&quot;Search Catalogues&quot;&gt;&lt;img src=&quot;/common/images/search.png&quot; width=&quot;{default:46}&quot; height=&quot;{$help_image_height|default:45}&quot; /&gt;&lt;/a&gt;"  - Unexpected ":", expected one of: "}" , " "</strong><br><br><strong>Fatal error</strong>:  Uncaught exception 'SmartyCompilerException' with message 'Syntax Error in template "findInclude:modules/CatalogueBrowser/templates/page/navigation/navbar.tpl"  on line 103 "&lt;a href=&quot;search&quot; title=&quot;Search Catalogues&quot;&gt;&lt;img src=&quot;/common/images/search.png&quot; width=&quot;{default:46}&quot; height=&quot;{$help_image_height|default:45}&quot; /&gt;&lt;/a&gt;"  - Unexpected ":", expected one of: "}" , " "' in /Users/crysng/Magic/project_repo/smart_streets_apps/kurogo-1.8.3/Kurogo-Mobile-Web/lib/smarty/sysplugins/smarty_internal_templatecompilerbase.php:431
Stack trace:
#0 /Users/crysng/Magic/project_repo/smart_streets_apps/kurogo-1.8.3/Kurogo-Mobile-Web/lib/smarty/sysplugins/smarty_internal_templateparser.php(2855): trigger_template_error()
#1 /Users/crysng/Magic/project_repo/smart_streets_apps/kurogo-1.8.3/Kurogo-Mobile-Web/lib/smarty/sysplugins/smarty_internal_templateparser.php(2920): yy_syntax_error(integer, string)
#2 /Users/crysng/Magic/project_repo/smart_streets_apps/kurogo-1.8.3/Kurogo-Mobile-Web/lib/smarty/sysplugins/smarty_internal_smartytemplatecompiler.php(51): doParse(integer, string)
#3 /Users/crysng/Magic/project_repo/smart_streets_apps/kurogo-1.8.3/Kurogo-Mobile-Web/lib/smarty/sysplugins/smarty_internal_templatecompilerbase.php(82): doCompile(string)
#4 /Users/crysng/Magic/project_repo/smart_streets_apps/kurogo-1.8.3/Kurogo-Mobile-Web/lib/smarty/sysplugins/smarty_internal_template.php(260): compileTemplate(object)
#5 /Users/crysng/Magic/project_repo/smart_streets_apps/kurogo-1.8.3/Kurogo-Mobile-Web/lib/smarty/sysplugins/smarty_internal_template.php(222): compileTemplateSource()
#6 /Users/crysng/Magic/project_repo/smart_streets_apps/kurogo-1.8.3/Kurogo-Mobile-Web/lib/smarty/sysplugins/smarty_internal_compile_include.php(59): getCompiledTemplate()
#7 /Users/crysng/Magic/project_repo/smart_streets_apps/kurogo-1.8.3/Kurogo-Mobile-Web/lib/smarty/sysplugins/smarty_internal_templatecompilerbase.php(276): compile(array, object, array, NULL, NULL)
#8 /Users/crysng/Magic/project_repo/smart_streets_apps/kurogo-1.8.3/Kurogo-Mobile-Web/lib/smarty/sysplugins/smarty_internal_templatecompilerbase.php(123): callTagCompiler(string, array, array)
#9 /Users/crysng/Magic/project_repo/smart_streets_apps/kurogo-1.8.3/Kurogo-Mobile-Web/lib/smarty/sysplugins/smarty_internal_templateparser.php(2319): compileTag(string, array)
#10 /Users/crysng/Magic/project_repo/smart_streets_apps/kurogo-1.8.3/Kurogo-Mobile-Web/lib/smarty/sysplugins/smarty_internal_templateparser.php(2812): yy_r35()
#11 /Users/crysng/Magic/project_repo/smart_streets_apps/kurogo-1.8.3/Kurogo-Mobile-Web/lib/smarty/sysplugins/smarty_internal_templateparser.php(2912): yy_reduce(integer)
#12 /Users/crysng/Magic/project_repo/smart_streets_apps/kurogo-1.8.3/Kurogo-Mobile-Web/lib/smarty/sysplugins/smarty_internal_smartytemplatecompiler.php(51): doParse(integer, string)
#13 /Users/crysng/Magic/project_repo/smart_streets_apps/kurogo-1.8.3/Kurogo-Mobile-Web/lib/smarty/sysplugins/smarty_internal_templatecompilerbase.php(82): doCompile(string)
#14 /Users/crysng/Magic/project_repo/smart_streets_apps/kurogo-1.8.3/Kurogo-Mobile-Web/lib/smarty/sysplugins/smarty_internal_template.php(260): compileTemplate(object)
#15 /Users/crysng/Magic/project_repo/smart_streets_apps/kurogo-1.8.3/Kurogo-Mobile-Web/lib/smarty/sysplugins/smarty_internal_template.php(456): compileTemplateSource()
#16 /Users/crysng/Magic/project_repo/smart_streets_apps/kurogo-1.8.3/Kurogo-Mobile-Web/lib/smarty/sysplugins/smarty_internal_template.php(567): renderTemplate()
#17 /Users/crysng/Magic/project_repo/smart_streets_apps/kurogo-1.8.3/sites/smartstreets/cache/smarty/templates/compliant_unknown_unknown^fd7ad2c74cbf5813996c0936e32fc84969d04e40.file.viewCatalogue.tpl.php(21): getRenderedTemplate()
#18 /Users/crysng/Magic/project_repo/smart_streets_apps/kurogo-1.8.3/Kurogo-Mobile-Web/lib/smarty/sysplugins/smarty_internal_template.php(432): include(string)
#19 /Users/crysng/Magic/project_repo/smart_streets_apps/kurogo-1.8.3/Kurogo-Mobile-Web/lib/smarty/sysplugins/smarty_internal_template.php(567): renderTemplate()
#20 /Users/crysng/Magic/project_repo/smart_streets_apps/kurogo-1.8.3/Kurogo-Mobile-Web/lib/smarty/Smarty.class.php(336): getRenderedTemplate()
#21 /Users/crysng/Magic/project_repo/smart_streets_apps/kurogo-1.8.3/Kurogo-Mobile-Web/lib/TemplateEngine.php(438): fetch(string, NULL, NULL)
#22 /Users/crysng/Magic/project_repo/smart_streets_apps/kurogo-1.8.3/Kurogo-Mobile-Web/lib/WebModule.php(1993): fetchForDevice(string)
#23 /Users/crysng/Magic/project_repo/smart_streets_apps/kurogo-1.8.3/Kurogo-Mobile-Web/www/index.php(323): displayPage()
#24 {main}
  thrown in <strong>/Users/crysng/Magic/project_repo/smart_streets_apps/kurogo-1.8.3/Kurogo-Mobile-Web/lib/smarty/sysplugins/smarty_internal_templatecompilerbase.php</strong> on line <strong>431</strong>